============================= test session starts =============================
platform win32 -- Python 3.14.6, pytest-8.4.2, pluggy-1.6.0
rootdir: C:\Users\mickey\Desktop\skanishi\backend
configfile: pyproject.toml
testpaths: tests
plugins: anyio-4.14.1, asyncio-0.26.0
asyncio: mode=Mode.STRICT, asyncio_default_fixture_loop_scope=None, asyncio_default_test_loop_scope=function
collected 117 items

tests\test_auth_business.py ...........................                  [ 23%]
tests\test_errors.py ...                                                 [ 25%]
tests\test_frontend_data_business.py ...                                 [ 28%]
tests\test_frontend_data_routes.py ...........                           [ 37%]
tests\test_health.py ...                                                 [ 40%]
tests\test_items_business.py FF.......                                   [ 47%]
tests\test_profile_business.py ...                                       [ 50%]
tests\test_routes.py ................................................    [ 91%]
tests\test_schema_contract.py ...                                        [ 94%]
tests\test_settings.py .....                                             [ 98%]
tests\test_user_business.py ..                                           [100%]

================================== FAILURES ===================================
_ ItemsBusinessServiceScenarioTests.test_collect_item_by_secret_creates_validation_and_invalidates_cache _

self = <test_items_business.ItemsBusinessServiceScenarioTests testMethod=test_collect_item_by_secret_creates_validation_and_invalidates_cache>

    async def test_collect_item_by_secret_creates_validation_and_invalidates_cache(
        self,
    ) -> None:
        token = "abc.def.ghijklmnop"
        service = object.__new__(ItemsBusinessService)
        service.get_access_claims = MagicMock(return_value=SimpleNamespace(sub="77"))
        service._decode_item_secret_token = MagicMock(
            return_value=ItemSecretTokenClaims(
                secret="raw-secret",
                token_type="item_secret",
                iat=1710000000,
                exp=1810000000,
            )
        )
    
        item_service = MagicMock()
        item_service.get_active_catalog_item = AsyncMock(
            return_value=build_catalog_row()
        )
        item_service.get_active_item_for_update = AsyncMock(
            return_value=build_catalog_row()[0]
        )
        item_service.increment_validation_count = AsyncMock()
    
        validation = SimpleNamespace(
            id=9,
            item_id=1,
            rank=4,
            created_at="2026-06-29T06:00:00Z",
        )
        validation_service = MagicMock()
        validation_service.get_user_item_validation = AsyncMock(return_value=None)
        validation_service.create_validation = AsyncMock(return_value=validation)
    
        item_secret_service = MagicMock()
        item_secret_service.hash_secret.return_value = "secret-hash"
        item_secret_service.get_active_by_secret_hash = AsyncMock(
            return_value=SimpleNamespace(id=5, item_id=1)
        )
    
        user_service = MagicMock()
        user_service.get_user_by_id = AsyncMock(return_value=SimpleNamespace(id=77))
    
        service.item_service = item_service
        service.validation_service = validation_service
        service.item_secret_service = item_secret_service
        service.user_service = user_service
    
        with (
            patch("app.services.business.items.ItemService", return_value=item_service),
            patch(
                "app.services.business.items.ValidationService",
                return_value=validation_service,
            ),
            patch(
                "app.services.business.items.ItemSecretService",
                return_value=item_secret_service,
            ),
            patch("app.services.business.items.UserService", return_value=user_service),
            patch("app.services.business.items.redis_fail_open", redis_fail_open),
        ):
            result = await ItemsBusinessService.collect_item_by_secret(
                service,
                SimpleNamespace(id=77),
                SecretValidationRequest(token=token),
            )
    
        self.assertEqual(result.status, "created")
        self.assertEqual(result.validation.rank, 4)
        item_service.increment_validation_count.assert_awaited_once()
        validation_service.create_validation.assert_awaited_once_with(
            user_id=77,
            item_id=1,
            item_secret_id=5,
            rank=4,
        )
>       redis_fail_open.assert_awaited_once()
        ^^^^^^^^^^^^^^^^^^^^^^^^^^^^^^^^^^^
E       AttributeError: 'function' object has no attribute 'assert_awaited_once'

tests\test_items_business.py:226: AttributeError
------------------------------ Captured log call ------------------------------
WARNING  app:redis_client.py:30 Redis operation failed; continuing in fail-open mode
Traceback (most recent call last):
  File "C:\Users\mickey\Desktop\skanishi\backend\.venv\Lib\site-packages\redis\asyncio\connection.py", line 305, in connect_check_health
    await self.retry.call_with_retry(
        lambda: self._connect(), lambda error: self.disconnect()
    )
  File "C:\Users\mickey\Desktop\skanishi\backend\.venv\Lib\site-packages\redis\asyncio\retry.py", line 50, in call_with_retry
    return await do()
           ^^^^^^^^^^
  File "C:\Users\mickey\Desktop\skanishi\backend\.venv\Lib\site-packages\redis\asyncio\connection.py", line 760, in _connect
    reader, writer = await asyncio.open_connection(
                     ^^^^^^^^^^^^^^^^^^^^^^^^^^^^^^
        **self._connection_arguments()
        ^^^^^^^^^^^^^^^^^^^^^^^^^^^^^^
    )
    ^
  File "C:\Users\mickey\AppData\Roaming\uv\python\cpython-3.14-windows-x86_64-none\Lib\asyncio\streams.py", line 48, in open_connection
    transport, _ = await loop.create_connection(
                   ^^^^^^^^^^^^^^^^^^^^^^^^^^^^^
        lambda: protocol, host, port, **kwds)
        ^^^^^^^^^^^^^^^^^^^^^^^^^^^^^^^^^^^^^
  File "C:\Users\mickey\AppData\Roaming\uv\python\cpython-3.14-windows-x86_64-none\Lib\asyncio\base_events.py", line 1119, in create_connection
    infos = await self._ensure_resolved(
            ^^^^^^^^^^^^^^^^^^^^^^^^^^^^
        (host, port), family=family,
        ^^^^^^^^^^^^^^^^^^^^^^^^^^^^
        type=socket.SOCK_STREAM, proto=proto, flags=flags, loop=self)
        ^^^^^^^^^^^^^^^^^^^^^^^^^^^^^^^^^^^^^^^^^^^^^^^^^^^^^^^^^^^^^
  File "C:\Users\mickey\AppData\Roaming\uv\python\cpython-3.14-windows-x86_64-none\Lib\asyncio\base_events.py", line 1515, in _ensure_resolved
    return await loop.getaddrinfo(host, port, family=family, type=type,
           ^^^^^^^^^^^^^^^^^^^^^^^^^^^^^^^^^^^^^^^^^^^^^^^^^^^^^^^^^^^^
                                  proto=proto, flags=flags)
                                  ^^^^^^^^^^^^^^^^^^^^^^^^^
  File "C:\Users\mickey\AppData\Roaming\uv\python\cpython-3.14-windows-x86_64-none\Lib\asyncio\base_events.py", line 936, in getaddrinfo
    return await self.run_in_executor(
           ^^^^^^^^^^^^^^^^^^^^^^^^^^^
        None, getaddr_func, host, port, family, type, proto, flags)
        ^^^^^^^^^^^^^^^^^^^^^^^^^^^^^^^^^^^^^^^^^^^^^^^^^^^^^^^^^^^
  File "C:\Users\mickey\AppData\Roaming\uv\python\cpython-3.14-windows-x86_64-none\Lib\concurrent\futures\thread.py", line 86, in run
    result = ctx.run(self.task)
  File "C:\Users\mickey\AppData\Roaming\uv\python\cpython-3.14-windows-x86_64-none\Lib\concurrent\futures\thread.py", line 73, in run
    return fn(*args, **kwargs)
  File "C:\Users\mickey\AppData\Roaming\uv\python\cpython-3.14-windows-x86_64-none\Lib\asyncio\base_events.py", line 919, in _getaddrinfo_debug
    addrinfo = socket.getaddrinfo(host, port, family, type, proto, flags)
  File "C:\Users\mickey\AppData\Roaming\uv\python\cpython-3.14-windows-x86_64-none\Lib\socket.py", line 987, in getaddrinfo
    for res in _socket.getaddrinfo(host, port, family, type, proto, flags):
               ~~~~~~~~~~~~~~~~~~~^^^^^^^^^^^^^^^^^^^^^^^^^^^^^^^^^^^^^^^^
socket.gaierror: [Errno 11001] getaddrinfo failed

During handling of the above exception, another exception occurred:

Traceback (most recent call last):
  File "C:\Users\mickey\Desktop\skanishi\backend\app\core\redis_client.py", line 28, in redis_fail_open
    return await operation()
           ^^^^^^^^^^^^^^^^^
  File "C:\Users\mickey\Desktop\skanishi\backend\.venv\Lib\site-packages\redis\asyncio\client.py", line 672, in execute_command
    conn = self.connection or await pool.get_connection()
                              ^^^^^^^^^^^^^^^^^^^^^^^^^^^
  File "C:\Users\mickey\Desktop\skanishi\backend\.venv\Lib\site-packages\redis\asyncio\connection.py", line 1149, in get_connection
    await self.ensure_connection(connection)
  File "C:\Users\mickey\Desktop\skanishi\backend\.venv\Lib\site-packages\redis\asyncio\connection.py", line 1182, in ensure_connection
    await connection.connect()
  File "C:\Users\mickey\Desktop\skanishi\backend\.venv\Lib\site-packages\redis\asyncio\connection.py", line 296, in connect
    await self.connect_check_health(check_health=True)
  File "C:\Users\mickey\Desktop\skanishi\backend\.venv\Lib\site-packages\redis\asyncio\connection.py", line 315, in connect_check_health
    raise ConnectionError(self._error_message(e))
redis.exceptions.ConnectionError: Error 11001 connecting to redis:6379. getaddrinfo failed.
_ ItemsBusinessServiceScenarioTests.test_collect_item_by_secret_returns_existing_validation _

self = <test_items_business.ItemsBusinessServiceScenarioTests testMethod=test_collect_item_by_secret_returns_existing_validation>

    async def test_collect_item_by_secret_returns_existing_validation(self) -> None:
        token = "abc.def.ghijklmnop"
        service = object.__new__(ItemsBusinessService)
        service.get_access_claims = MagicMock(return_value=SimpleNamespace(sub="77"))
        service._decode_item_secret_token = MagicMock(
            return_value=ItemSecretTokenClaims(
                secret="raw-secret",
                token_type="item_secret",
                iat=1710000000,
                exp=1810000000,
            )
        )
    
        existing_validation = SimpleNamespace(
            id=9,
            item_id=1,
            rank=3,
            created_at="2026-06-29T06:00:00Z",
        )
        item_service = MagicMock()
        item_service.get_active_catalog_item = AsyncMock(
            return_value=build_catalog_row()
        )
        item_service.get_active_item_for_update = AsyncMock(
            return_value=build_catalog_row()[0]
        )
        validation_service = MagicMock()
        validation_service.get_user_item_validation = AsyncMock(
            return_value=existing_validation
        )
        validation_service.create_validation = AsyncMock()
        item_secret_service = MagicMock()
        item_secret_service.hash_secret.return_value = "secret-hash"
        item_secret_service.get_active_by_secret_hash = AsyncMock(
            return_value=SimpleNamespace(id=5, item_id=1)
        )
        user_service = MagicMock()
        user_service.get_user_by_id = AsyncMock(return_value=SimpleNamespace(id=77))
    
        service.item_service = item_service
        service.validation_service = validation_service
        service.item_secret_service = item_secret_service
        service.user_service = user_service
    
        with (
            patch("app.services.business.items.ItemService", return_value=item_service),
            patch(
                "app.services.business.items.ValidationService",
                return_value=validation_service,
            ),
            patch(
                "app.services.business.items.ItemSecretService",
                return_value=item_secret_service,
            ),
            patch("app.services.business.items.UserService", return_value=user_service),
            patch("app.services.business.items.redis_fail_open", redis_fail_open),
        ):
            result = await ItemsBusinessService.collect_item_by_secret(
                service,
                SimpleNamespace(id=77),
                SecretValidationRequest(token=token),
            )
    
        self.assertEqual(result.status, "already_collected")
>       self.assertEqual(redis_fail_open.await_count, 0)
                         ^^^^^^^^^^^^^^^^^^^^^^^^^^^
E       AttributeError: 'function' object has no attribute 'await_count'

tests\test_items_business.py:292: AttributeError
============================== warnings summary ===============================
.venv\Lib\site-packages\fastapi\testclient.py:1
  C:\Users\mickey\Desktop\skanishi\backend\.venv\Lib\site-packages\fastapi\testclient.py:1: StarletteDeprecationWarning: Using `httpx` with `starlette.testclient` is deprecated; install `httpx2` instead.
    from starlette.testclient import TestClient as TestClient  # noqa

tests/test_auth_business.py::AuthBusinessServiceScenarioTests::test_authenticate_orchestrates_auth_flow_and_returns_token_response
  C:\Users\mickey\Desktop\skanishi\backend\.venv\Lib\site-packages\pytest_asyncio\plugin.py:1216: DeprecationWarning: 'asyncio.get_event_loop_policy' is deprecated and slated for removal in Python 3.16
    return asyncio.get_event_loop_policy()

tests/test_auth_business.py::TokenServiceClaimsTests::test_access_token_matches_claims_schema
tests/test_auth_business.py::TokenServiceClaimsTests::test_expired_access_token_raises_explicit_error
tests/test_auth_business.py::TokenServiceClaimsTests::test_expired_refresh_token_raises_explicit_error
tests/test_auth_business.py::TokenServiceClaimsTests::test_invalid_access_token_type_raises_invalid_access_token
tests/test_auth_business.py::TokenServiceClaimsTests::test_invalid_refresh_token_type_raises_invalid_refresh_token
tests/test_auth_business.py::TokenServiceClaimsTests::test_refresh_token_matches_claims_schema
  C:\Users\mickey\Desktop\skanishi\backend\.venv\Lib\site-packages\jwt\api_jwt.py:147: InsecureKeyLengthWarning: The HMAC key is 16 bytes long, which is below the minimum recommended length of 32 bytes for SHA256. See RFC 7518 Section 3.2.
    return self._jws.encode(

tests/test_auth_business.py::TokenServiceClaimsTests::test_access_token_matches_claims_schema
tests/test_auth_business.py::TokenServiceClaimsTests::test_expired_access_token_raises_explicit_error
tests/test_auth_business.py::TokenServiceClaimsTests::test_expired_refresh_token_raises_explicit_error
tests/test_auth_business.py::TokenServiceClaimsTests::test_invalid_access_token_type_raises_invalid_access_token
tests/test_auth_business.py::TokenServiceClaimsTests::test_invalid_refresh_token_type_raises_invalid_refresh_token
tests/test_auth_business.py::TokenServiceClaimsTests::test_refresh_token_matches_claims_schema
  C:\Users\mickey\Desktop\skanishi\backend\.venv\Lib\site-packages\jwt\api_jwt.py:368: InsecureKeyLengthWarning: The HMAC key is 16 bytes long, which is below the minimum recommended length of 32 bytes for SHA256. See RFC 7518 Section 3.2.
    decoded = self.decode_complete(

tests/test_routes.py::TestAuthRefreshRoute::test_refresh_returns_rotated_tokens
tests/test_routes.py::TestAuthRefreshRoute::test_refresh_propagates_service_errors
tests/test_routes.py::TestAuthRefreshRoute::test_refresh_propagates_security_errors[exc0-401-expired_refresh_token]
tests/test_routes.py::TestAuthRefreshRoute::test_refresh_propagates_security_errors[exc1-401-revoked_refresh_token]
tests/test_routes.py::TestAuthRefreshRoute::test_refresh_propagates_security_errors[exc2-403-refresh_reuse_detected]
tests/test_routes.py::TestAuthRefreshRoute::test_refresh_requires_csrf_header_when_samesite_none
tests/test_routes.py::TestAuthRefreshRoute::test_refresh_accepts_matching_csrf_header_when_samesite_none
tests/test_routes.py::TestAuthLogoutRoute::test_logout_revokes_session_and_returns_204
tests/test_routes.py::TestAuthLogoutRoute::test_logout_requires_csrf_header_when_samesite_none
  C:\Users\mickey\Desktop\skanishi\backend\.venv\Lib\site-packages\starlette\testclient.py:454: DeprecationWarning: Setting per-request cookies=<...> is being deprecated, because the expected behaviour on cookie persistence is ambiguous. Set cookies directly on the client instance instead.
    return super().request(

-- Docs: https://docs.pytest.org/en/stable/how-to/capture-warnings.html
=========================== short test summary info ===========================
FAILED tests/test_items_business.py::ItemsBusinessServiceScenarioTests::test_collect_item_by_secret_creates_validation_and_invalidates_cache
FAILED tests/test_items_business.py::ItemsBusinessServiceScenarioTests::test_collect_item_by_secret_returns_existing_validation
================= 2 failed, 115 passed, 23 warnings in 5.43s ==================
